<?xml version="1.0" encoding="UTF-8"?>
<testng-results ignored="0" total="1" passed="1" failed="0" skipped="0">
  <reporter-output>
  </reporter-output>
  <suite started-at="2024-08-20T19:08:07 IST" name="Default suite" finished-at="2024-08-20T19:09:23 IST" duration-ms="76264">
    <groups>
    </groups>
    <test started-at="2024-08-20T19:08:07 IST" name="Default test" finished-at="2024-08-20T19:09:23 IST" duration-ms="76264">
      <class name="Testcase.Finder_Enroll">
        <test-method signature="Finder_Signup()[pri:0, instance:Testcase.Finder_Enroll@6574a52c]" started-at="2024-08-20T19:08:07 IST" name="Finder_Signup" finished-at="2024-08-20T19:09:23 IST" duration-ms="76203" status="PASS">
          <reporter-output>
          </reporter-output>
        </test-method> <!-- Finder_Signup -->
      </class> <!-- Testcase.Finder_Enroll -->
    </test> <!-- Default test -->
  </suite> <!-- Default suite -->
</testng-results>
